Building DAG of jobs...
Using shell: /usr/bin/bash
Provided cores: 2
Rules claiming more threads will be scaled down.
Provided resources: mem_mb=1000
Job stats:
job             count
------------  -------
all                 1
fasterq_dump       43
prefetch           43
total              87

Select jobs to execute...

[Tue May 20 04:12:49 2025]
rule prefetch:
    output: data/raw/SRR24007841.sra
    jobid: 54
    reason: Missing output files: data/raw/SRR24007841.sra
    wildcards: srr=SRR24007841
    resources: tmpdir=/tmp, mem_mb=1000, mem_mib=954

[Tue May 20 04:14:23 2025]
Finished job 54.
1 of 87 steps (1%) done
Select jobs to execute...

[Tue May 20 04:14:24 2025]
rule fasterq_dump:
    input: data/raw/SRR24007841.sra
    output: data/raw/SRR24007841.fastq.gz
    jobid: 53
    reason: Missing output files: data/raw/SRR24007841.fastq.gz; Input files updated by another job: data/raw/SRR24007841.sra
    wildcards: srr=SRR24007841
    threads: 2
    resources: tmpdir=/tmp, mem_mb=1000, mem_mib=954

[Tue May 20 04:14:25 2025]
Error in rule fasterq_dump:
    jobid: 53
    input: data/raw/SRR24007841.sra
    output: data/raw/SRR24007841.fastq.gz
    shell:
        
        fasterq-dump data/raw/SRR24007841.sra             --threads 2             --mem 1000000000             --stdout         | pigz -1 > data/raw/SRR24007841.fastq.gz
        
        (one of the commands exited with non-zero exit code; note that snakemake uses bash strict mode!)

Removing output files of failed job fasterq_dump since they might be corrupted:
data/raw/SRR24007841.fastq.gz
Shutting down, this might take some time.
Exiting because a job execution failed. Look above for error message
Complete log: .snakemake/log/2025-05-20T041248.689547.snakemake.log
